2018/08/02 23:42:23 [error] [exception.CHttpException.404] CHttpException: Unable to resolve the request "gii/carreras". in C:\xampp\htdocs\yii\framework\web\CWebApplication.php:286
Stack trace:
#0 C:\xampp\htdocs\yii\framework\web\CWebApplication.php(141): CWebApplication->runController('gii/carreras')
#1 C:\xampp\htdocs\yii\framework\base\CApplication.php(185): CWebApplication->processRequest()
#2 C:\xampp\htdocs\yiiapp\index.php(13): CApplication->run()
#3 {main}
REQUEST_URI=/yiiapp/index.php?r=gii/carreras
---
2018/08/09 23:30:39 [error] [exception.CHttpException.404] CHttpException: Unable to resolve the request "carreras". in C:\xampp\htdocs\yii\framework\web\CWebApplication.php:286
Stack trace:
#0 C:\xampp\htdocs\yii\framework\web\CWebApplication.php(141): CWebApplication->runController('carreras')
#1 C:\xampp\htdocs\yii\framework\base\CApplication.php(185): CWebApplication->processRequest()
#2 C:\xampp\htdocs\yiiapp\index.php(13): CApplication->run()
#3 {main}
REQUEST_URI=/yiiapp/index.php/carreras
---
2018/08/22 21:12:40 [error] [exception.CDbException] CDbException: CDbConnection failed to open the DB connection: SQLSTATE[HY000] [2002] Se produjo un error durante el intento de conexión ya que la parte conectada no respondió adecuadamente tras un periodo de tiempo, o bien se produjo un error en la conexión establecida ya que el host conectado no ha podido responder.
 in C:\xampp\htdocs\yii\framework\db\CDbConnection.php:399
Stack trace:
#0 C:\xampp\htdocs\yii\framework\db\CDbConnection.php(347): CDbConnection->open()
#1 C:\xampp\htdocs\yii\framework\db\CDbConnection.php(325): CDbConnection->setActive(true)
#2 C:\xampp\htdocs\yii\framework\base\CModule.php(394): CDbConnection->init()
#3 C:\xampp\htdocs\yii\framework\base\CModule.php(103): CModule->getComponent('db')
#4 C:\xampp\htdocs\yii\framework\gii\generators\model\ModelCode.php(60): CModule->__get('db')
#5 C:\xampp\htdocs\yii\framework\web\CFormModel.php(39): ModelCode->init()
#6 C:\xampp\htdocs\yii\framework\gii\CCodeGenerator.php(153): CFormModel->__construct()
#7 C:\xampp\htdocs\yii\framework\gii\CCodeGenerator.php(63): CCodeGenerator->prepare()
#8 C:\xampp\htdocs\yii\framework\web\actions\CInlineAction.php(49): CCodeGenerator->actionIndex()
#9 C:\xampp\htdocs\yii\framework\web\CController.php(308): CInlineAction->runWithParams(Array)
#10 C:\xampp\htdocs\yii\framework\web\CController.php(286): CController->runAction(Object(CInlineAction))
#11 C:\xampp\htdocs\yii\framework\web\CController.php(265): CController->runActionWithFilters(Object(CInlineAction), Array)
#12 C:\xampp\htdocs\yii\framework\web\CWebApplication.php(282): CController->run('index')
#13 C:\xampp\htdocs\yii\framework\web\CWebApplication.php(141): CWebApplication->runController('gii/model/index')
#14 C:\xampp\htdocs\yii\framework\base\CApplication.php(185): CWebApplication->processRequest()
#15 C:\xampp\htdocs\yiiapp\index.php(13): CApplication->run()
#16 {main}
REQUEST_URI=/yiiapp/index.php/gii/model/index
HTTP_REFERER=http://localhost/yiiapp/index.php/gii/default/index
---
2018/08/22 21:13:36 [error] [exception.CDbException] CDbException: CDbConnection failed to open the DB connection: SQLSTATE[HY000] [2002] Se produjo un error durante el intento de conexión ya que la parte conectada no respondió adecuadamente tras un periodo de tiempo, o bien se produjo un error en la conexión establecida ya que el host conectado no ha podido responder.
 in C:\xampp\htdocs\yii\framework\db\CDbConnection.php:399
Stack trace:
#0 C:\xampp\htdocs\yii\framework\db\CDbConnection.php(347): CDbConnection->open()
#1 C:\xampp\htdocs\yii\framework\db\CDbConnection.php(325): CDbConnection->setActive(true)
#2 C:\xampp\htdocs\yii\framework\base\CModule.php(394): CDbConnection->init()
#3 C:\xampp\htdocs\yii\framework\base\CModule.php(103): CModule->getComponent('db')
#4 C:\xampp\htdocs\yii\framework\gii\generators\model\ModelCode.php(60): CModule->__get('db')
#5 C:\xampp\htdocs\yii\framework\web\CFormModel.php(39): ModelCode->init()
#6 C:\xampp\htdocs\yii\framework\gii\CCodeGenerator.php(153): CFormModel->__construct()
#7 C:\xampp\htdocs\yii\framework\gii\CCodeGenerator.php(63): CCodeGenerator->prepare()
#8 C:\xampp\htdocs\yii\framework\web\actions\CInlineAction.php(49): CCodeGenerator->actionIndex()
#9 C:\xampp\htdocs\yii\framework\web\CController.php(308): CInlineAction->runWithParams(Array)
#10 C:\xampp\htdocs\yii\framework\web\CController.php(286): CController->runAction(Object(CInlineAction))
#11 C:\xampp\htdocs\yii\framework\web\CController.php(265): CController->runActionWithFilters(Object(CInlineAction), Array)
#12 C:\xampp\htdocs\yii\framework\web\CWebApplication.php(282): CController->run('index')
#13 C:\xampp\htdocs\yii\framework\web\CWebApplication.php(141): CWebApplication->runController('gii/model/index')
#14 C:\xampp\htdocs\yii\framework\base\CApplication.php(185): CWebApplication->processRequest()
#15 C:\xampp\htdocs\yiiapp\index.php(13): CApplication->run()
#16 {main}
REQUEST_URI=/yiiapp/index.php/gii/model/index
HTTP_REFERER=http://localhost/yiiapp/index.php/gii/default/index
---
2018/08/22 21:18:19 [error] [system.db.CDbCommand] CDbCommand::fetchAll() failed: SQLSTATE[42S02]: Base table or view not found: 1146 Table 'limesurvey.survey' doesn't exist. The SQL statement executed was: SHOW FULL COLUMNS FROM `survey`.
in C:\xampp\htdocs\yiiapp\index.php (13)
2018/08/22 23:38:12 [error] [exception.CHttpException.404] CHttpException: Unable to resolve the request "survey". in C:\xampp\htdocs\yii\framework\web\CWebApplication.php:286
Stack trace:
#0 C:\xampp\htdocs\yii\framework\web\CWebApplication.php(141): CWebApplication->runController('survey')
#1 C:\xampp\htdocs\yii\framework\base\CApplication.php(185): CWebApplication->processRequest()
#2 C:\xampp\htdocs\yiiapp\index.php(13): CApplication->run()
#3 {main}
REQUEST_URI=/yiiapp/index.php/survey
---
2018/08/22 23:38:15 [error] [exception.CHttpException.404] CHttpException: Unable to resolve the request "surveys". in C:\xampp\htdocs\yii\framework\web\CWebApplication.php:286
Stack trace:
#0 C:\xampp\htdocs\yii\framework\web\CWebApplication.php(141): CWebApplication->runController('surveys')
#1 C:\xampp\htdocs\yii\framework\base\CApplication.php(185): CWebApplication->processRequest()
#2 C:\xampp\htdocs\yiiapp\index.php(13): CApplication->run()
#3 {main}
REQUEST_URI=/yiiapp/index.php/surveys
---
2018/08/22 23:38:29 [error] [exception.CHttpException.404] CHttpException: Unable to resolve the request "survey". in C:\xampp\htdocs\yii\framework\web\CWebApplication.php:286
Stack trace:
#0 C:\xampp\htdocs\yii\framework\web\CWebApplication.php(141): CWebApplication->runController('survey')
#1 C:\xampp\htdocs\yii\framework\base\CApplication.php(185): CWebApplication->processRequest()
#2 C:\xampp\htdocs\yiiapp\index.php(13): CApplication->run()
#3 {main}
REQUEST_URI=/yiiapp/index.php/survey
---
2018/08/22 23:38:33 [error] [exception.CHttpException.404] CHttpException: Unable to resolve the request "surveys". in C:\xampp\htdocs\yii\framework\web\CWebApplication.php:286
Stack trace:
#0 C:\xampp\htdocs\yii\framework\web\CWebApplication.php(141): CWebApplication->runController('surveys')
#1 C:\xampp\htdocs\yii\framework\base\CApplication.php(185): CWebApplication->processRequest()
#2 C:\xampp\htdocs\yiiapp\index.php(13): CApplication->run()
#3 {main}
REQUEST_URI=/yiiapp/index.php/surveys
---
2018/08/22 23:41:03 [error] [exception.CHttpException.404] CHttpException: Unable to resolve the request "surveys164846". in C:\xampp\htdocs\yii\framework\web\CWebApplication.php:286
Stack trace:
#0 C:\xampp\htdocs\yii\framework\web\CWebApplication.php(141): CWebApplication->runController('surveys164846')
#1 C:\xampp\htdocs\yii\framework\base\CApplication.php(185): CWebApplication->processRequest()
#2 C:\xampp\htdocs\yiiapp\index.php(13): CApplication->run()
#3 {main}
REQUEST_URI=/yiiapp/index.php/surveys164846
---
2018/08/22 23:41:09 [error] [exception.CHttpException.404] CHttpException: Unable to resolve the request "surveys_164846". in C:\xampp\htdocs\yii\framework\web\CWebApplication.php:286
Stack trace:
#0 C:\xampp\htdocs\yii\framework\web\CWebApplication.php(141): CWebApplication->runController('surveys_164846')
#1 C:\xampp\htdocs\yii\framework\base\CApplication.php(185): CWebApplication->processRequest()
#2 C:\xampp\htdocs\yiiapp\index.php(13): CApplication->run()
#3 {main}
REQUEST_URI=/yiiapp/index.php/surveys_164846
---
2018/08/23 00:11:54 [error] [exception.CHttpException.404] CHttpException: Unable to resolve the request "survey". in C:\xampp\htdocs\yii\framework\web\CWebApplication.php:286
Stack trace:
#0 C:\xampp\htdocs\yii\framework\web\CWebApplication.php(141): CWebApplication->runController('survey')
#1 C:\xampp\htdocs\yii\framework\base\CApplication.php(185): CWebApplication->processRequest()
#2 C:\xampp\htdocs\yiiapp\index.php(13): CApplication->run()
#3 {main}
REQUEST_URI=/yiiapp/index.php/survey
---
2018/08/29 22:07:34 [error] [exception.CDbException] CDbException: CDbConnection failed to open the DB connection: SQLSTATE[HY000] [2002] Se produjo un error durante el intento de conexión ya que la parte conectada no respondió adecuadamente tras un periodo de tiempo, o bien se produjo un error en la conexión establecida ya que el host conectado no ha podido responder.
 in C:\xampp\htdocs\encuesta-docente\yii\framework\db\CDbConnection.php:399
Stack trace:
#0 C:\xampp\htdocs\encuesta-docente\yii\framework\db\CDbConnection.php(347): CDbConnection->open()
#1 C:\xampp\htdocs\encuesta-docente\yii\framework\db\CDbConnection.php(325): CDbConnection->setActive(true)
#2 C:\xampp\htdocs\encuesta-docente\yii\framework\base\CModule.php(394): CDbConnection->init()
#3 C:\xampp\htdocs\encuesta-docente\yii\framework\base\CApplication.php(459): CModule->getComponent('db')
#4 C:\xampp\htdocs\encuesta-docente\yii\framework\db\ar\CActiveRecord.php(639): CApplication->getDb()
#5 C:\xampp\htdocs\encuesta-docente\yii\framework\db\ar\CActiveRecord.php(672): CActiveRecord->getDbConnection()
#6 C:\xampp\htdocs\encuesta-docente\yii\framework\db\ar\CActiveRecord.php(1604): CActiveRecord->getCommandBuilder()
#7 C:\xampp\htdocs\encuesta-docente\yii\framework\web\CActiveDataProvider.php(228): CActiveRecord->count(Object(CDbCriteria))
#8 C:\xampp\htdocs\encuesta-docente\yii\framework\web\CDataProvider.php(224): CActiveDataProvider->calculateTotalItemCount()
#9 C:\xampp\htdocs\encuesta-docente\yii\framework\web\CActiveDataProvider.php(178): CDataProvider->getTotalItemCount()
#10 C:\xampp\htdocs\encuesta-docente\yii\framework\web\CDataProvider.php(168): CActiveDataProvider->fetchData()
#11 C:\xampp\htdocs\encuesta-docente\yii\framework\zii\widgets\CBaseListView.php(125): CDataProvider->getData()
#12 C:\xampp\htdocs\encuesta-docente\yii\framework\zii\widgets\CListView.php(211): CBaseListView->init()
#13 C:\xampp\htdocs\encuesta-docente\yii\framework\web\CBaseController.php(147): CListView->init()
#14 C:\xampp\htdocs\encuesta-docente\yii\framework\web\CBaseController.php(181): CBaseController->createWidget('zii.widgets.CLi...', Array)
#15 C:\xampp\htdocs\encuesta-docente\yiiapp\protected\views\asignaturaProfesor\index.php(19): CBaseController->widget('zii.widgets.CLi...', Array)
#16 C:\xampp\htdocs\encuesta-docente\yii\framework\web\CBaseController.php(126): require('C:\\xampp\\htdocs...')
#17 C:\xampp\htdocs\encuesta-docente\yii\framework\web\CBaseController.php(95): CBaseController->renderInternal('C:\\xampp\\htdocs...', Array, true)
#18 C:\xampp\htdocs\encuesta-docente\yii\framework\web\CController.php(872): CBaseController->renderFile('C:\\xampp\\htdocs...', Array, true)
#19 C:\xampp\htdocs\encuesta-docente\yii\framework\web\CController.php(785): CController->renderPartial('index', Array, true)
#20 C:\xampp\htdocs\encuesta-docente\yiiapp\protected\controllers\AsignaturaProfesorController.php(127): CController->render('index', Array)
#21 C:\xampp\htdocs\encuesta-docente\yii\framework\web\actions\CInlineAction.php(49): AsignaturaProfesorController->actionIndex()
#22 C:\xampp\htdocs\encuesta-docente\yii\framework\web\CController.php(308): CInlineAction->runWithParams(Array)
#23 C:\xampp\htdocs\encuesta-docente\yii\framework\web\filters\CFilterChain.php(134): CController->runAction(Object(CInlineAction))
#24 C:\xampp\htdocs\encuesta-docente\yii\framework\web\filters\CFilter.php(40): CFilterChain->run()
#25 C:\xampp\htdocs\encuesta-docente\yii\framework\web\CController.php(1148): CFilter->filter(Object(CFilterChain))
#26 C:\xampp\htdocs\encuesta-docente\yii\framework\web\filters\CInlineFilter.php(58): CController->filterAccessControl(Object(CFilterChain))
#27 C:\xampp\htdocs\encuesta-docente\yii\framework\web\filters\CFilterChain.php(131): CInlineFilter->filter(Object(CFilterChain))
#28 C:\xampp\htdocs\encuesta-docente\yii\framework\web\CController.php(291): CFilterChain->run()
#29 C:\xampp\htdocs\encuesta-docente\yii\framework\web\CController.php(265): CController->runActionWithFilters(Object(CInlineAction), Array)
#30 C:\xampp\htdocs\encuesta-docente\yii\framework\web\CWebApplication.php(282): CController->run('')
#31 C:\xampp\htdocs\encuesta-docente\yii\framework\web\CWebApplication.php(141): CWebApplication->runController('asignaturaprofe...')
#32 C:\xampp\htdocs\encuesta-docente\yii\framework\base\CApplication.php(185): CWebApplication->processRequest()
#33 C:\xampp\htdocs\encuesta-docente\yiiapp\index.php(13): CApplication->run()
#34 {main}
REQUEST_URI=/encuesta-docente/yiiapp/index.php/asignaturaprofesor
---
